<?xml version="1.0" encoding="UTF-8"?>
<!-- Generated by org.testng.reporters.JUnitReportReporter -->
<testsuite skipped="0" hostname="dell" name="qaclickacademy.AppiumTest" tests="2" failures="0" timestamp="07 May 2020 20:09:32 GMT" time="0.038" errors="0">
  <testcase name="IOSApps" time="0.021" classname="qaclickacademy.AppiumTest"/>
  <testcase name="NativeAPpAndroid" time="0.017" classname="qaclickacademy.AppiumTest"/>
</testsuite> <!-- qaclickacademy.AppiumTest -->
